goos: windows
goarch: amd64
pkg: uk.ac.bris.cs/concurrency1/merge
cpu: Intel(R) Core(TM) i7-1065G7 CPU @ 1.30GHz
BenchmarkSequential/4194304-8         	       1	 843769500 ns/op
BenchmarkSequential/4194304-8         	       1	 902583100 ns/op
BenchmarkSequential/4194304-8         	       1	 828525300 ns/op
BenchmarkSequential/4194304-8         	       1	 879922400 ns/op
BenchmarkSequential/4194304-8         	       1	 886813800 ns/op
BenchmarkParallel/4194304_1-8         	       1	2058626300 ns/op
BenchmarkParallel/4194304_1-8         	       1	2770819800 ns/op
BenchmarkParallel/4194304_1-8         	       1	3562110600 ns/op
BenchmarkParallel/4194304_1-8         	       1	2591745600 ns/op
BenchmarkParallel/4194304_1-8         	       1	2418242600 ns/op
BenchmarkParallel/4194304_2-8         	       1	1897232500 ns/op
BenchmarkParallel/4194304_2-8         	       1	1420735600 ns/op
BenchmarkParallel/4194304_2-8         	       1	1743472200 ns/op
BenchmarkParallel/4194304_2-8         	       1	1848256900 ns/op
BenchmarkParallel/4194304_2-8         	       1	1574092200 ns/op
BenchmarkParallel/4194304_4-8         	       1	1106027600 ns/op
BenchmarkParallel/4194304_4-8         	       1	1223590100 ns/op
BenchmarkParallel/4194304_4-8         	       1	 908689200 ns/op
BenchmarkParallel/4194304_4-8         	       1	 995836100 ns/op
BenchmarkParallel/4194304_4-8         	       1	 932446700 ns/op
BenchmarkParallel/4194304_8-8         	       1	 699742200 ns/op
BenchmarkParallel/4194304_8-8         	       1	 718232700 ns/op
BenchmarkParallel/4194304_8-8         	       1	 698268200 ns/op
BenchmarkParallel/4194304_8-8         	       1	 716169900 ns/op
BenchmarkParallel/4194304_8-8         	       1	 693882900 ns/op
BenchmarkParallel/4194304_16-8        	       1	 566773100 ns/op
BenchmarkParallel/4194304_16-8        	       1	 636897500 ns/op
BenchmarkParallel/4194304_16-8        	       1	 580604600 ns/op
BenchmarkParallel/4194304_16-8        	       1	 829523900 ns/op
BenchmarkParallel/4194304_16-8        	       1	1184316100 ns/op
BenchmarkParallel/4194304_32-8        	       1	 635245300 ns/op
BenchmarkParallel/4194304_32-8        	       1	 611330000 ns/op
BenchmarkParallel/4194304_32-8        	       1	 538591800 ns/op
BenchmarkParallel/4194304_32-8        	       1	 528407400 ns/op
BenchmarkParallel/4194304_32-8        	       1	 534859500 ns/op
BenchmarkParallel/4194304_64-8        	       1	 592279300 ns/op
BenchmarkParallel/4194304_64-8        	       1	 580694700 ns/op
BenchmarkParallel/4194304_64-8        	       1	 561744400 ns/op
BenchmarkParallel/4194304_64-8        	       1	 564858400 ns/op
BenchmarkParallel/4194304_64-8        	       1	 577178500 ns/op
BenchmarkParallel/4194304_128-8       	       1	 566392800 ns/op
BenchmarkParallel/4194304_128-8       	       1	 504454100 ns/op
BenchmarkParallel/4194304_128-8       	       1	 488875100 ns/op
BenchmarkParallel/4194304_128-8       	       1	 450557700 ns/op
BenchmarkParallel/4194304_128-8       	       1	 452004300 ns/op
BenchmarkParallel/4194304_256-8       	       1	 445417500 ns/op
BenchmarkParallel/4194304_256-8       	       1	 475105300 ns/op
BenchmarkParallel/4194304_256-8       	       1	 449990400 ns/op
BenchmarkParallel/4194304_256-8       	       1	 463634000 ns/op
BenchmarkParallel/4194304_256-8       	       1	 474344600 ns/op
BenchmarkParallel/4194304_512-8       	       1	 472157900 ns/op
BenchmarkParallel/4194304_512-8       	       1	 496021600 ns/op
BenchmarkParallel/4194304_512-8       	       1	 464609300 ns/op
BenchmarkParallel/4194304_512-8       	       1	 446782400 ns/op
BenchmarkParallel/4194304_512-8       	       1	 451622900 ns/op
BenchmarkParallel/4194304_1024-8      	       1	 433291100 ns/op
BenchmarkParallel/4194304_1024-8      	       1	 453565100 ns/op
BenchmarkParallel/4194304_1024-8      	       1	 456242000 ns/op
BenchmarkParallel/4194304_1024-8      	       1	 461571800 ns/op
BenchmarkParallel/4194304_1024-8      	       1	 433553800 ns/op
BenchmarkParallel/4194304_2048-8      	       1	 453463200 ns/op
BenchmarkParallel/4194304_2048-8      	       1	 506976300 ns/op
BenchmarkParallel/4194304_2048-8      	       1	 467204100 ns/op
BenchmarkParallel/4194304_2048-8      	       1	 457272700 ns/op
BenchmarkParallel/4194304_2048-8      	       1	 452066000 ns/op
BenchmarkParallel/4194304_4096-8      	       1	 469420800 ns/op
BenchmarkParallel/4194304_4096-8      	       1	 461167400 ns/op
BenchmarkParallel/4194304_4096-8      	       1	 464948600 ns/op
BenchmarkParallel/4194304_4096-8      	       1	 450353500 ns/op
BenchmarkParallel/4194304_4096-8      	       1	 445274100 ns/op
BenchmarkParallel/4194304_8192-8      	       1	 452682500 ns/op
BenchmarkParallel/4194304_8192-8      	       1	 479166000 ns/op
BenchmarkParallel/4194304_8192-8      	       1	 441960000 ns/op
BenchmarkParallel/4194304_8192-8      	       1	 468070700 ns/op
BenchmarkParallel/4194304_8192-8      	       1	 467689700 ns/op
BenchmarkParallel/4194304_16384-8     	       1	 470707000 ns/op
BenchmarkParallel/4194304_16384-8     	       1	 430961500 ns/op
BenchmarkParallel/4194304_16384-8     	       1	 432151400 ns/op
BenchmarkParallel/4194304_16384-8     	       1	 451710800 ns/op
